<?xml version="1.0" encoding="UTF-8" standalone="no"?>
<testsuite failures="0" name="cucumber.runtime.formatter.JUnitFormatter" skipped="0" tests="1" time="26.42601">
    <testcase classname="created New Opportunitie" name="User is able to create Opportunitie" time="26.42601">
        <system-out>
            <![CDATA[Given Open the Salesforce Website...........................................passed
When verify the Salesforce page title.......................................passed
Then Login with valid username and password "vedant.jagani@campingworld.com.test" and "Welcome2019*".passed
And Click login button......................................................passed
And Verify Salesforce Home page title.......................................passed
Then Click on the Opportunities tab.........................................passed
Then Click on the New button................................................passed
Then Select a record type and click Next....................................passed
And Populate New Opportunity RV Sales fields................................passed
Then Click the Save button..................................................passed
]]>
        </system-out>
    </testcase>
</testsuite>
