<?xml version="1.0" encoding="UTF-8" standalone="no"?>
<testsuite failures="0" name="cucumber.runtime.formatter.JUnitFormatter" skipped="0" tests="1" time="15.08649">
    <testcase classname="Salesforce Create New Account" name="User is able to create New Account in the Salesforce Scenario" time="15.08649">
        <system-out>
            <![CDATA[Given User will Open Salesforce Website.....................................passed
When verify title for the Salesforce page...................................passed
Then user will enter "vedant.jagani@campingworld.com.test" and "Welcome2019*".passed
And user click  the login button............................................passed
And verify title for the Salesforce Home page...............................passed
Then user will click on the waffle icon.....................................passed
Then user will navigate to the Search field and search for the Account......passed
]]>
        </system-out>
    </testcase>
</testsuite>
